{
  "RSpec": {
    "coverage": {
      "C:/Users/Monty Seper/Documents/GitHub/sophomore-yr/se4/team-project-repository-emily-parker-michael-liam-nicole/scheduler-backend/config/environment.rb": {
        "lines": [
          null,
          1,
          null,
          null,
          1
        ]
      },
      "C:/Users/Monty Seper/Documents/GitHub/sophomore-yr/se4/team-project-repository-emily-parker-michael-liam-nicole/scheduler-backend/config/application.rb": {
        "lines": [
          1,
          null,
          1,
          null,
          1,
          1,
          1,
          1,
          1,
          1,
          1,
          1,
          1,
          1,
          null,
          1,
          null,
          null,
          null,
          1,
          null,
          1,
          1,
          null,
          1,
          null,
          null,
          null,
          null,
          null,
          null,
          null,
          null,
          null,
          null,
          null,
          null,
          1,
          1,
          1,
          1,
          1,
          null,
          null,
          null,
          null,
          null,
          null,
          null,
          null
        ]
      },
      "C:/Users/Monty Seper/Documents/GitHub/sophomore-yr/se4/team-project-repository-emily-parker-michael-liam-nicole/scheduler-backend/config/boot.rb": {
        "lines": [
          1,
          null,
          1,
          1
        ]
      },
      "C:/Users/Monty Seper/Documents/GitHub/sophomore-yr/se4/team-project-repository-emily-parker-michael-liam-nicole/scheduler-backend/config/environments/test.rb": {
        "lines": [
          1,
          null,
          null,
          null,
          null,
          null,
          null,
          1,
          null,
          null,
          1,
          null,
          null,
          null,
          null,
          1,
          null,
          null,
          1,
          1,
          null,
          null,
          null,
          null,
          1,
          1,
          1,
          null,
          null,
          1,
          null,
          null,
          1,
          null,
          null,
          1,
          null,
          1,
          null,
          null,
          null,
          null,
          1,
          null,
          null,
          1,
          null,
          null,
          1,
          null,
          null,
          1,
          null,
          null,
          null,
          null,
          null,
          null,
          null
        ]
      },
      "C:/Users/Monty Seper/Documents/GitHub/sophomore-yr/se4/team-project-repository-emily-parker-michael-liam-nicole/scheduler-backend/config/initializers/application_controller_renderer.rb": {
        "lines": [
          null,
          null,
          null,
          null,
          null,
          null,
          null,
          null
        ]
      },
      "C:/Users/Monty Seper/Documents/GitHub/sophomore-yr/se4/team-project-repository-emily-parker-michael-liam-nicole/scheduler-backend/config/initializers/backtrace_silencers.rb": {
        "lines": [
          null,
          null,
          null,
          null,
          null,
          null,
          null,
          1
        ]
      },
      "C:/Users/Monty Seper/Documents/GitHub/sophomore-yr/se4/team-project-repository-emily-parker-michael-liam-nicole/scheduler-backend/config/initializers/cors.rb": {
        "lines": [
          null,
          null,
          null,
          null,
          null,
          null,
          null,
          1,
          1,
          1,
          null,
          1,
          null,
          null,
          null,
          null
        ]
      },
      "C:/Users/Monty Seper/Documents/GitHub/sophomore-yr/se4/team-project-repository-emily-parker-michael-liam-nicole/scheduler-backend/config/initializers/filter_parameter_logging.rb": {
        "lines": [
          null,
          null,
          null,
          1,
          null,
          null
        ]
      },
      "C:/Users/Monty Seper/Documents/GitHub/sophomore-yr/se4/team-project-repository-emily-parker-michael-liam-nicole/scheduler-backend/config/initializers/inflections.rb": {
        "lines": [
          null,
          null,
          null,
          null,
          null,
          null,
          null,
          null,
          null,
          null,
          null,
          null,
          null,
          null,
          null,
          null
        ]
      },
      "C:/Users/Monty Seper/Documents/GitHub/sophomore-yr/se4/team-project-repository-emily-parker-michael-liam-nicole/scheduler-backend/config/initializers/mime_types.rb": {
        "lines": [
          null,
          null,
          null,
          null
        ]
      },
      "C:/Users/Monty Seper/Documents/GitHub/sophomore-yr/se4/team-project-repository-emily-parker-michael-liam-nicole/scheduler-backend/config/initializers/wrap_parameters.rb": {
        "lines": [
          null,
          null,
          null,
          null,
          null,
          null,
          1,
          2,
          null,
          null,
          null,
          null,
          null,
          null
        ]
      },
      "C:/Users/Monty Seper/Documents/GitHub/sophomore-yr/se4/team-project-repository-emily-parker-michael-liam-nicole/scheduler-backend/config/routes.rb": {
        "lines": [
          1,
          null,
          1,
          null,
          1,
          1,
          1,
          null,
          1,
          1,
          null,
          null,
          1,
          1,
          null,
          null
        ]
      },
      "C:/Users/Monty Seper/Documents/GitHub/sophomore-yr/se4/team-project-repository-emily-parker-michael-liam-nicole/scheduler-backend/app/engines/comfort_calculation.rb": {
        "lines": [
          1,
          1,
          1,
          null,
          null,
          1,
          10,
          10,
          10,
          10,
          7,
          3,
          1,
          2,
          1,
          null,
          1,
          null,
          10,
          10,
          null,
          null,
          null,
          1,
          5,
          5,
          null,
          5,
          5,
          5,
          5,
          null,
          null,
          null,
          1,
          8,
          8,
          4,
          null,
          4,
          4,
          4,
          4,
          null,
          null,
          null,
          null,
          1,
          8,
          8,
          null,
          8,
          null,
          null,
          8,
          1,
          null,
          null,
          8,
          null,
          null,
          null,
          1,
          5,
          5,
          null,
          5,
          4,
          null,
          1,
          null,
          null,
          null,
          null,
          1,
          null,
          5,
          2,
          2,
          null,
          3,
          null,
          null,
          null,
          1,
          null,
          0,
          0,
          0,
          null,
          0,
          null,
          0,
          0,
          0,
          null,
          0,
          null,
          0,
          null,
          null,
          null,
          0,
          null,
          0,
          null,
          null,
          null,
          null,
          0,
          null,
          0,
          null,
          null,
          1,
          0,
          0,
          0,
          null,
          0,
          null,
          null,
          null,
          null,
          1,
          2,
          3,
          null,
          3,
          3,
          3,
          3,
          3,
          null,
          null,
          null
        ]
      },
      "C:/Users/Monty Seper/Documents/GitHub/sophomore-yr/se4/team-project-repository-emily-parker-michael-liam-nicole/scheduler-backend/app/engines/format.rb": {
        "lines": [
          1,
          null,
          1,
          1,
          null,
          null,
          1,
          1,
          1,
          12,
          null,
          1,
          null,
          null,
          1,
          null,
          12,
          null,
          null,
          null,
          null,
          null,
          null,
          null,
          null,
          1,
          6,
          6,
          6,
          8,
          8,
          6,
          null,
          2,
          null,
          null,
          6,
          null,
          null,
          1,
          8,
          null,
          6,
          null,
          null,
          null,
          null,
          null,
          null,
          null,
          2,
          null,
          null,
          null,
          null,
          null,
          1,
          2,
          2,
          2,
          2,
          0,
          0,
          null,
          2,
          2,
          null,
          null,
          2,
          null,
          null,
          null,
          null,
          null,
          null,
          null,
          null,
          null,
          null,
          1,
          2,
          null,
          2,
          4,
          4,
          4,
          null,
          null,
          6,
          null,
          2,
          null,
          null,
          null,
          1,
          4,
          4,
          4,
          4,
          null,
          4,
          0,
          0,
          0,
          0,
          null,
          null,
          null,
          4,
          null,
          null,
          null,
          null,
          null,
          null,
          null,
          null,
          null,
          null
        ]
      },
      "C:/Users/Monty Seper/Documents/GitHub/sophomore-yr/se4/team-project-repository-emily-parker-michael-liam-nicole/scheduler-backend/app/models/location.rb": {
        "lines": [
          1,
          1,
          null,
          1,
          null
        ]
      },
      "C:/Users/Monty Seper/Documents/GitHub/sophomore-yr/se4/team-project-repository-emily-parker-michael-liam-nicole/scheduler-backend/app/models/application_record.rb": {
        "lines": [
          1,
          1,
          null
        ]
      },
      "C:/Users/Monty Seper/Documents/GitHub/sophomore-yr/se4/team-project-repository-emily-parker-michael-liam-nicole/scheduler-backend/app/models/activity.rb": {
        "lines": [
          1,
          1,
          null,
          null,
          null
        ]
      },
      "C:/Users/Monty Seper/Documents/GitHub/sophomore-yr/se4/team-project-repository-emily-parker-michael-liam-nicole/scheduler-backend/spec/requests/events_spec.rb": {
        "lines": [
          1,
          null,
          1,
          1,
          1,
          null,
          1,
          null,
          1,
          null,
          1,
          1,
          1,
          null,
          null,
          1,
          1,
          1,
          null,
          null,
          1,
          1,
          1,
          null,
          1,
          null,
          1,
          1,
          null,
          null,
          1,
          1,
          null,
          null,
          1,
          1,
          null,
          null,
          null,
          null,
          null,
          1,
          1,
          1,
          1,
          null,
          null,
          1,
          1,
          1,
          null,
          null,
          1,
          1,
          1,
          1,
          1,
          1,
          1,
          1,
          1,
          null,
          null,
          1,
          1,
          1,
          null,
          null,
          null,
          1,
          1,
          1,
          null,
          1,
          1,
          1,
          null,
          null,
          1,
          1,
          null,
          null,
          null,
          null,
          null,
          null,
          null,
          null,
          null,
          null,
          null,
          null,
          null,
          null,
          null,
          null,
          null,
          null,
          1,
          null,
          null,
          1,
          1,
          1,
          1,
          null,
          null,
          null,
          null,
          null,
          null,
          null,
          null,
          null,
          null,
          null,
          null,
          null,
          null,
          null,
          null,
          null,
          null,
          1,
          null,
          null,
          null
        ]
      },
      "C:/Users/Monty Seper/Documents/GitHub/sophomore-yr/se4/team-project-repository-emily-parker-michael-liam-nicole/scheduler-backend/spec/requests/invitations_spec.rb": {
        "lines": [
          1,
          null,
          1,
          1,
          1,
          null,
          1,
          null,
          1,
          1,
          1,
          1,
          null,
          1,
          1,
          1,
          null,
          null,
          null,
          1,
          1,
          null,
          1,
          1,
          1,
          null,
          1,
          1,
          1,
          null,
          null,
          null,
          1,
          1,
          null,
          1,
          null,
          1,
          1,
          1,
          null,
          null,
          null,
          null,
          null,
          null,
          1,
          null,
          1,
          1,
          null,
          1,
          1,
          null,
          null,
          null,
          null,
          null,
          null,
          1,
          null,
          null,
          1,
          1,
          null,
          1,
          null,
          1,
          1,
          1,
          1,
          null,
          null,
          1,
          1,
          1,
          1,
          null,
          null,
          null
        ]
      },
      "C:/Users/Monty Seper/Documents/GitHub/sophomore-yr/se4/team-project-repository-emily-parker-michael-liam-nicole/scheduler-backend/spec/requests/users_spec.rb": {
        "lines": [
          1,
          null,
          1,
          1,
          1,
          1,
          null,
          1,
          1,
          1,
          null,
          null,
          null,
          1,
          1,
          null,
          1,
          null,
          1,
          1,
          1,
          1,
          null,
          1,
          1,
          1,
          null,
          1,
          1,
          1,
          1,
          1,
          1,
          1,
          null,
          null,
          null,
          1,
          1,
          null,
          1,
          null,
          1,
          1,
          1,
          1,
          null,
          null,
          null,
          1,
          1,
          null,
          null,
          null,
          null,
          1,
          null,
          null,
          null,
          1,
          1,
          1,
          null,
          null,
          null,
          null,
          null,
          1,
          1,
          null,
          null,
          1,
          1,
          null,
          null,
          null,
          null,
          null,
          1,
          1,
          null,
          null,
          null
        ]
      },
      "C:/Users/Monty Seper/Documents/GitHub/sophomore-yr/se4/team-project-repository-emily-parker-michael-liam-nicole/scheduler-backend/db/seeds.rb": {
        "lines": [
          null,
          1,
          1,
          1,
          1,
          null,
          null,
          null,
          1,
          1,
          1,
          1,
          null,
          null,
          1,
          1,
          1,
          1,
          1,
          1,
          1,
          1,
          1,
          1,
          1,
          1,
          null,
          null,
          null,
          1,
          1,
          1,
          null,
          1,
          null,
          1,
          1,
          null,
          null,
          1,
          1,
          1,
          null,
          null,
          null,
          1,
          1
        ]
      },
      "C:/Users/Monty Seper/Documents/GitHub/sophomore-yr/se4/team-project-repository-emily-parker-michael-liam-nicole/scheduler-backend/app/models/location_activity_suggestion.rb": {
        "lines": [
          1,
          1,
          1,
          1,
          null,
          null,
          1,
          null,
          null,
          1,
          null
        ]
      },
      "C:/Users/Monty Seper/Documents/GitHub/sophomore-yr/se4/team-project-repository-emily-parker-michael-liam-nicole/scheduler-backend/app/models/user.rb": {
        "lines": [
          1,
          null,
          null,
          1,
          1,
          1,
          1,
          null,
          1,
          null,
          null,
          1,
          1,
          1,
          1,
          1,
          1,
          null
        ]
      },
      "C:/Users/Monty Seper/Documents/GitHub/sophomore-yr/se4/team-project-repository-emily-parker-michael-liam-nicole/scheduler-backend/app/models/event.rb": {
        "lines": [
          1,
          1,
          1,
          1,
          null,
          null,
          3,
          null,
          null,
          1,
          1,
          1,
          1,
          null,
          null,
          1,
          null,
          1,
          1,
          4,
          1,
          null,
          null,
          null
        ]
      },
      "C:/Users/Monty Seper/Documents/GitHub/sophomore-yr/se4/team-project-repository-emily-parker-michael-liam-nicole/scheduler-backend/app/models/invitation.rb": {
        "lines": [
          1,
          1,
          1,
          null,
          null,
          1,
          null,
          null,
          1,
          null,
          null,
          3,
          null,
          null,
          1,
          null,
          1,
          1,
          8,
          1,
          null,
          null,
          null
        ]
      },
      "C:/Users/Monty Seper/Documents/GitHub/sophomore-yr/se4/team-project-repository-emily-parker-michael-liam-nicole/scheduler-backend/app/models/questionnaire.rb": {
        "lines": [
          1,
          1,
          null,
          null,
          null,
          null,
          null,
          null,
          null,
          null,
          null,
          null,
          1,
          1,
          1,
          null
        ]
      },
      "C:/Users/Monty Seper/Documents/GitHub/sophomore-yr/se4/team-project-repository-emily-parker-michael-liam-nicole/scheduler-backend/app/controllers/application_controller.rb": {
        "lines": [
          1,
          1,
          null,
          null,
          1,
          1,
          null,
          null,
          null,
          null,
          null,
          null,
          null,
          1,
          null,
          4,
          null,
          null,
          null,
          null,
          null,
          null,
          null,
          null,
          1,
          null,
          null,
          null,
          null,
          null,
          1,
          null,
          1,
          11,
          null,
          null,
          1,
          44,
          null,
          null,
          1,
          22,
          22,
          null,
          22,
          3,
          3,
          null,
          null,
          null,
          null,
          1,
          17,
          17,
          14,
          14,
          14,
          3,
          null,
          null,
          14,
          null,
          null,
          null,
          1,
          17,
          null,
          null,
          null,
          null,
          null,
          1,
          5,
          5,
          5,
          5,
          2,
          null,
          3,
          null,
          5,
          null,
          null,
          null,
          null,
          1,
          5,
          null,
          null,
          1,
          17,
          null,
          null,
          null
        ]
      },
      "C:/Users/Monty Seper/Documents/GitHub/sophomore-yr/se4/team-project-repository-emily-parker-michael-liam-nicole/scheduler-backend/app/controllers/users_controller.rb": {
        "lines": [
          1,
          null,
          1,
          null,
          1,
          null,
          null,
          1,
          1,
          1,
          1,
          3,
          2,
          null,
          null,
          null,
          null,
          1,
          null,
          null,
          null,
          null,
          null,
          1,
          2,
          null,
          null,
          null,
          null,
          null,
          1,
          10,
          null,
          10,
          null,
          10,
          10,
          10,
          10,
          5,
          null,
          10,
          null,
          0,
          null,
          null,
          0,
          null,
          null,
          null,
          null,
          1,
          2,
          null,
          2,
          0,
          null,
          2,
          null,
          null,
          null,
          null,
          null,
          null,
          null,
          2,
          1,
          1,
          null,
          1,
          null,
          null,
          null,
          null,
          null,
          null,
          1,
          1,
          null,
          1,
          null,
          0,
          null,
          null,
          null,
          null,
          1,
          0,
          null,
          null,
          null,
          1,
          0,
          0,
          null,
          0,
          null,
          0,
          0,
          0,
          0,
          null,
          0,
          null,
          null,
          0,
          null,
          null,
          0,
          null,
          null,
          null,
          1,
          1,
          null,
          null,
          4,
          null,
          null,
          null,
          null,
          null,
          null,
          null,
          1,
          13,
          13,
          6,
          null,
          7,
          null,
          null,
          null,
          null,
          1,
          5,
          null,
          null,
          null,
          1,
          0,
          null,
          null
        ]
      },
      "C:/Users/Monty Seper/Documents/GitHub/sophomore-yr/se4/team-project-repository-emily-parker-michael-liam-nicole/scheduler-backend/app/controllers/events_controller.rb": {
        "lines": [
          1,
          null,
          1,
          null,
          1,
          1,
          1,
          null,
          null,
          null,
          null,
          null,
          1,
          2,
          2,
          null,
          2,
          null,
          null,
          null,
          null,
          1,
          2,
          null,
          null,
          null,
          null,
          null,
          null,
          null,
          2,
          1,
          null,
          1,
          null,
          null,
          null,
          null,
          null,
          null,
          1,
          2,
          2,
          2,
          null,
          null,
          2,
          2,
          2,
          null,
          0,
          null,
          null,
          null,
          null,
          1,
          0,
          0,
          null,
          0,
          null,
          null,
          null,
          1,
          null,
          null,
          1,
          3,
          null,
          null,
          1,
          0,
          null,
          null,
          null,
          1,
          10,
          null,
          null
        ]
      },
      "C:/Users/Monty Seper/Documents/GitHub/sophomore-yr/se4/team-project-repository-emily-parker-michael-liam-nicole/scheduler-backend/app/models/event_la.rb": {
        "lines": [
          1,
          1,
          1,
          null,
          1,
          null
        ]
      },
      "C:/Users/Monty Seper/Documents/GitHub/sophomore-yr/se4/team-project-repository-emily-parker-michael-liam-nicole/scheduler-backend/app/controllers/invitations_controller.rb": {
        "lines": [
          1,
          1,
          null,
          1,
          1,
          1,
          null,
          null,
          null,
          1,
          2,
          2,
          2,
          2,
          null,
          2,
          null,
          null,
          null,
          1,
          0,
          null,
          null,
          null,
          null,
          1,
          1,
          1,
          1,
          1,
          null,
          1,
          1,
          null,
          1,
          0,
          null,
          1,
          1,
          null,
          null,
          0,
          0,
          null,
          null,
          null,
          1,
          1,
          1,
          null,
          0,
          null,
          null,
          null,
          null,
          1,
          0,
          null,
          null,
          1,
          null,
          null,
          1,
          2,
          null,
          null,
          null,
          1,
          1,
          null,
          null
        ]
      }
    },
    "timestamp": 1619731836
  }
}
